Arguments: 
  C:\Program Files\nodejs\node.exe C:\Program Files (x86)\Yarn\bin\yarn.js

PATH: 
  C:\Program Files\python\Scripts\;C:\Program Files\python\;C:\Program Files (x86)\Common Files\Oracle\Java\javapath;C:\Program Files\Python36\Scripts\;C:\Program Files\Python36\;C:\Program Files\Broadcom\Broadcom 802.11 Network Adapter;C:\Program Files (x86)\Intel\iCLS Client\;C:\Program Files\Intel\iCLS Client\;C:\Windows\system32;C:\Windows;C:\Windows\System32\Wbem;C:\Windows\System32\WindowsPowerShell\v1.0\;C:\Program Files (x86)\Intel\Intel(R) Management Engine Components\DAL;C:\Program Files\Intel\Intel(R) Management Engine Components\DAL;C:\Program Files (x86)\Intel\Intel(R) Management Engine Components\IPT;C:\Program Files\Intel\Intel(R) Management Engine Components\IPT;C:\Program Files (x86)\ATI Technologies\ATI.ACE\Core-Static;C:\Program Files (x86)\MySQL\MySQL Fabric 1.5 & MySQL Utilities 1.5\;C:\Program Files (x86)\MySQL\MySQL Fabric 1.5 & MySQL Utilities 1.5\Doctrine extensions for PHP\;C:\php;C:\ProgramData\ComposerSetup\bin;C:\Program Files\Lenovo\Bluetooth Software\;C:\Program Files\Lenovo\Bluetooth Software\syswow64;D:\php;C:\Users\xuann\AppData\Roaming\Composer\vendor\bin;C:\Users\xuann\AppData\Local\Microsoft\WindowsApps;C:\Users\xuann\AppD;C:\Program Files\Git\cmd;C:\WINDOWS\system32;C:\WINDOWS;C:\WINDOWS\System32\Wbem;C:\WINDOWS\System32\WindowsPowerShell\v1.0\;C:\WINDOWS\System32\OpenSSH\;C:\Program Files (x86)\Java\jre1.8.0_171\bin;C:\Program Files (x86)\Java\jre1.8.0_171\jre\bin;D:\maven\apache-maven-3.6.0\bin;C:\Program Files (x86)\Yarn\bin\;C:\Program Files\nodejs\;D:\php;C:\Users\xuann\AppData\Roaming\Composer\vendor\bin;C:\Users\xuann\AppData\Local\Microsoft\WindowsApps;d:\Program Files (x86)\Microsoft VS Code\bin;C:\Users\xuann\AppData\Local\GitHubDesktop\bin;C:\Users\xuann\AppData\Local\Microsoft\WindowsApps;C:\Program Files\JetBrains\PyCharm 2019.1.2\bin;;D:\Program Files\Microsoft VS Code\bin;C:\Users\xuann\AppData\Local\Yarn\bin;C:\Users\xuann\AppData\Roaming\npm

Yarn version: 
  1.19.2

Node version: 
  12.13.1

Platform: 
  win32 x64

Trace: 
  Error: connect ECONNREFUSED 47.88.227.16:80
      at TCPConnectWrap.afterConnect [as oncomplete] (net.js:1129:14)

npm manifest: 
  {
    "name": "blog",
    "version": "1.0.0",
    "description": "Nuxt.js project",
    "author": "xuannanxan <382933169@qq.com>",
    "private": true,
    "scripts": {
      "dev": "nuxt",
      "build": "nuxt build",
      "start": "nuxt start",
      "generate": "nuxt generate",
      "lint": "eslint --ext .js,.vue --ignore-path .gitignore .",
      "precommit": "npm run lint"
    },
    "dependencies": {
      "nuxt": "^2.0.0"
    },
    "devDependencies": {
      "babel-eslint": "^10.0.1",
      "eslint": "^4.19.1",
      "eslint-friendly-formatter": "^4.0.1",
      "eslint-loader": "^2.1.1",
      "eslint-plugin-vue": "^4.0.0"
    }
  }

yarn manifest: 
  No manifest

Lockfile: 
  No lockfile
